execve("./target/debug/operating-system-overview", ["./target/debug/operating-system-"...], 0x7ffc66d91a78 /* 29 vars */) = 0 <0.000845>
brk(NULL)                               = 0x55a820186000 <0.000128>
arch_prctl(0x3001 /* ARCH_??? */, 0x7fff5031fdf0) = -1 EINVAL (Invalid argument) <0.000158>
access("/etc/ld.so.preload", R_OK)      = -1 ENOENT (No such file or directory) <0.000182>
openat(AT_FDCWD, "/etc/ld.so.cache", O_RDONLY|O_CLOEXEC) = 3 <0.000175>
fstat(3, {st_mode=S_IFREG|0644, st_size=41676, ...}) = 0 <0.000158>
mmap(NULL, 41676, PROT_READ, MAP_PRIVATE, 3, 0) = 0x7f3646f92000 <0.000139>
close(3)                                = 0 <0.000100>
openat(AT_FDCWD, "/lib/x86_64-linux-gnu/libgcc_s.so.1", O_RDONLY|O_CLOEXEC) = 3 <0.000167>
read(3, "\177ELF\2\1\1\0\0\0\0\0\0\0\0\0\3\0>\0\1\0\0\0\3405\0\0\0\0\0\0"..., 832) = 832 <0.000167>
fstat(3, {st_mode=S_IFREG|0644, st_size=104984, ...}) = 0 <0.000097>
mmap(NULL, 8192, PROT_READ|PROT_WRITE, MAP_PRIVATE|MAP_ANONYMOUS, -1, 0) = 0x7f3646f90000 <0.000105>
mmap(NULL, 107592, PROT_READ, MAP_PRIVATE|MAP_DENYWRITE, 3, 0) = 0x7f3646f75000 <0.000377>
mmap(0x7f3646f78000, 73728, PROT_READ|PROT_EXEC, MAP_PRIVATE|MAP_FIXED|MAP_DENYWRITE, 3, 0x3000) = 0x7f3646f78000 <0.000198>
mmap(0x7f3646f8a000, 16384, PROT_READ, MAP_PRIVATE|MAP_FIXED|MAP_DENYWRITE, 3, 0x15000) = 0x7f3646f8a000 <0.000115>
mmap(0x7f3646f8e000, 8192, PROT_READ|PROT_WRITE, MAP_PRIVATE|MAP_FIXED|MAP_DENYWRITE, 3, 0x18000) = 0x7f3646f8e000 <0.000190>
close(3)                                = 0 <0.000153>
openat(AT_FDCWD, "/lib/x86_64-linux-gnu/libpthread.so.0", O_RDONLY|O_CLOEXEC) = 3 <0.000178>
read(3, "\177ELF\2\1\1\0\0\0\0\0\0\0\0\0\3\0>\0\1\0\0\0\220q\0\0\0\0\0\0"..., 832) = 832 <0.000150>
pread64(3, "\4\0\0\0\24\0\0\0\3\0\0\0GNU\0{E6\364\34\332\245\210\204\10\350-\0106\343="..., 68, 824) = 68 <0.000142>
fstat(3, {st_mode=S_IFREG|0755, st_size=157224, ...}) = 0 <0.000178>
pread64(3, "\4\0\0\0\24\0\0\0\3\0\0\0GNU\0{E6\364\34\332\245\210\204\10\350-\0106\343="..., 68, 824) = 68 <0.000209>
mmap(NULL, 140408, PROT_READ, MAP_PRIVATE|MAP_DENYWRITE, 3, 0) = 0x7f3646f52000 <0.000207>
mmap(0x7f3646f58000, 69632, PROT_READ|PROT_EXEC, MAP_PRIVATE|MAP_FIXED|MAP_DENYWRITE, 3, 0x6000) = 0x7f3646f58000 <0.000145>
mmap(0x7f3646f69000, 24576, PROT_READ, MAP_PRIVATE|MAP_FIXED|MAP_DENYWRITE, 3, 0x17000) = 0x7f3646f69000 <0.000148>
mmap(0x7f3646f6f000, 8192, PROT_READ|PROT_WRITE, MAP_PRIVATE|MAP_FIXED|MAP_DENYWRITE, 3, 0x1c000) = 0x7f3646f6f000 <0.000166>
mmap(0x7f3646f71000, 13432, PROT_READ|PROT_WRITE, MAP_PRIVATE|MAP_FIXED|MAP_ANONYMOUS, -1, 0) = 0x7f3646f71000 <0.000159>
close(3)                                = 0 <0.000154>
openat(AT_FDCWD, "/lib/x86_64-linux-gnu/libdl.so.2", O_RDONLY|O_CLOEXEC) = 3 <0.000175>
read(3, "\177ELF\2\1\1\0\0\0\0\0\0\0\0\0\3\0>\0\1\0\0\0 \22\0\0\0\0\0\0"..., 832) = 832 <0.000097>
fstat(3, {st_mode=S_IFREG|0644, st_size=18848, ...}) = 0 <0.000131>
mmap(NULL, 20752, PROT_READ, MAP_PRIVATE|MAP_DENYWRITE, 3, 0) = 0x7f3646f4c000 <0.000157>
mmap(0x7f3646f4d000, 8192, PROT_READ|PROT_EXEC, MAP_PRIVATE|MAP_FIXED|MAP_DENYWRITE, 3, 0x1000) = 0x7f3646f4d000 <0.000103>
mmap(0x7f3646f4f000, 4096, PROT_READ, MAP_PRIVATE|MAP_FIXED|MAP_DENYWRITE, 3, 0x3000) = 0x7f3646f4f000 <0.000105>
mmap(0x7f3646f50000, 8192, PROT_READ|PROT_WRITE, MAP_PRIVATE|MAP_FIXED|MAP_DENYWRITE, 3, 0x3000) = 0x7f3646f50000 <0.000105>
close(3)                                = 0 <0.000095>
openat(AT_FDCWD, "/lib/x86_64-linux-gnu/libc.so.6", O_RDONLY|O_CLOEXEC) = 3 <0.000172>
read(3, "\177ELF\2\1\1\3\0\0\0\0\0\0\0\0\3\0>\0\1\0\0\0\300A\2\0\0\0\0\0"..., 832) = 832 <0.000112>
pread64(3, "\6\0\0\0\4\0\0\0@\0\0\0\0\0\0\0@\0\0\0\0\0\0\0@\0\0\0\0\0\0\0"..., 784, 64) = 784 <0.000177>
pread64(3, "\4\0\0\0\20\0\0\0\5\0\0\0GNU\0\2\0\0\300\4\0\0\0\3\0\0\0\0\0\0\0", 32, 848) = 32 <0.000146>
pread64(3, "\4\0\0\0\24\0\0\0\3\0\0\0GNU\0\30x\346\264ur\f|Q\226\236i\253-'o"..., 68, 880) = 68 <0.000092>
fstat(3, {st_mode=S_IFREG|0755, st_size=2029592, ...}) = 0 <0.000099>
pread64(3, "\6\0\0\0\4\0\0\0@\0\0\0\0\0\0\0@\0\0\0\0\0\0\0@\0\0\0\0\0\0\0"..., 784, 64) = 784 <0.000132>
pread64(3, "\4\0\0\0\20\0\0\0\5\0\0\0GNU\0\2\0\0\300\4\0\0\0\3\0\0\0\0\0\0\0", 32, 848) = 32 <0.000133>
pread64(3, "\4\0\0\0\24\0\0\0\3\0\0\0GNU\0\30x\346\264ur\f|Q\226\236i\253-'o"..., 68, 880) = 68 <0.000447>
mmap(NULL, 2037344, PROT_READ, MAP_PRIVATE|MAP_DENYWRITE, 3, 0) = 0x7f3646d5a000 <0.000187>
mmap(0x7f3646d7c000, 1540096, PROT_READ|PROT_EXEC, MAP_PRIVATE|MAP_FIXED|MAP_DENYWRITE, 3, 0x22000) = 0x7f3646d7c000 <0.000178>
mmap(0x7f3646ef4000, 319488, PROT_READ, MAP_PRIVATE|MAP_FIXED|MAP_DENYWRITE, 3, 0x19a000) = 0x7f3646ef4000 <0.000219>
mmap(0x7f3646f42000, 24576, PROT_READ|PROT_WRITE, MAP_PRIVATE|MAP_FIXED|MAP_DENYWRITE, 3, 0x1e7000) = 0x7f3646f42000 <0.000196>
mmap(0x7f3646f48000, 13920, PROT_READ|PROT_WRITE, MAP_PRIVATE|MAP_FIXED|MAP_ANONYMOUS, -1, 0) = 0x7f3646f48000 <0.000185>
close(3)                                = 0 <0.000152>
mmap(NULL, 8192, PROT_READ|PROT_WRITE, MAP_PRIVATE|MAP_ANONYMOUS, -1, 0) = 0x7f3646d58000 <0.000159>
arch_prctl(ARCH_SET_FS, 0x7f3646d58bc0) = 0 <0.000126>
mprotect(0x7f3646f42000, 16384, PROT_READ) = 0 <0.000160>
mprotect(0x7f3646f50000, 4096, PROT_READ) = 0 <0.000100>
mprotect(0x7f3646f6f000, 4096, PROT_READ) = 0 <0.000112>
mprotect(0x7f3646f8e000, 4096, PROT_READ) = 0 <0.000112>
mprotect(0x55a81e793000, 12288, PROT_READ) = 0 <0.000158>
mprotect(0x7f3646fca000, 4096, PROT_READ) = 0 <0.000096>
munmap(0x7f3646f92000, 41676)           = 0 <0.000246>
set_tid_address(0x7f3646d58e90)         = 17782 <0.000123>
set_robust_list(0x7f3646d58ea0, 24)     = 0 <0.000092>
rt_sigaction(SIGRTMIN, {sa_handler=0x7f3646f58bf0, sa_mask=[], sa_flags=SA_RESTORER|SA_SIGINFO, sa_restorer=0x7f3646f66420}, NULL, 8) = 0 <0.000155>
rt_sigaction(SIGRT_1, {sa_handler=0x7f3646f58c90, sa_mask=[], sa_flags=SA_RESTORER|SA_RESTART|SA_SIGINFO, sa_restorer=0x7f3646f66420}, NULL, 8) = 0 <0.000149>
rt_sigprocmask(SIG_UNBLOCK, [RTMIN RT_1], NULL, 8) = 0 <0.000142>
prlimit64(0, RLIMIT_STACK, NULL, {rlim_cur=8192*1024, rlim_max=RLIM64_INFINITY}) = 0 <0.000101>
poll([{fd=0, events=0}, {fd=1, events=0}, {fd=2, events=0}], 3, 0) = 0 (Timeout) <0.000180>
rt_sigaction(SIGPIPE, {sa_handler=SIG_IGN, sa_mask=[PIPE], sa_flags=SA_RESTORER|SA_RESTART, sa_restorer=0x7f3646d9d090}, {sa_handler=SIG_DFL, sa_mask=[], sa_flags=0}, 8) = 0 <0.000166>
rt_sigaction(SIGSEGV, NULL, {sa_handler=SIG_DFL, sa_mask=[], sa_flags=0}, 8) = 0 <0.000387>
rt_sigaction(SIGSEGV, {sa_handler=0x55a81e7681b0, sa_mask=[], sa_flags=SA_RESTORER|SA_ONSTACK|SA_SIGINFO, sa_restorer=0x7f3646f66420}, NULL, 8) = 0 <0.000101>
rt_sigaction(SIGBUS, NULL, {sa_handler=SIG_DFL, sa_mask=[], sa_flags=0}, 8) = 0 <0.000098>
rt_sigaction(SIGBUS, {sa_handler=0x55a81e7681b0, sa_mask=[], sa_flags=SA_RESTORER|SA_ONSTACK|SA_SIGINFO, sa_restorer=0x7f3646f66420}, NULL, 8) = 0 <0.000236>
sigaltstack(NULL, {ss_sp=NULL, ss_flags=SS_DISABLE, ss_size=0}) = 0 <0.000099>
mmap(NULL, 12288, PROT_READ|PROT_WRITE, MAP_PRIVATE|MAP_ANONYMOUS|MAP_STACK, -1, 0) = 0x7f3646f9a000 <0.000159>
mprotect(0x7f3646f9a000, 4096, PROT_NONE) = 0 <0.000186>
sigaltstack({ss_sp=0x7f3646f9b000, ss_flags=0, ss_size=8192}, NULL) = 0 <0.000140>
brk(NULL)                               = 0x55a820186000 <0.000155>
brk(0x55a8201a7000)                     = 0x55a8201a7000 <0.000105>
openat(AT_FDCWD, "/proc/self/maps", O_RDONLY|O_CLOEXEC) = 3 <0.000168>
prlimit64(0, RLIMIT_STACK, NULL, {rlim_cur=8192*1024, rlim_max=RLIM64_INFINITY}) = 0 <0.000106>
fstat(3, {st_mode=S_IFREG|0444, st_size=0, ...}) = 0 <0.000136>
read(3, "55a81e747000-55a81e74d000 r--p 0"..., 1024) = 1024 <0.000189>
read(3, "                    /usr/lib/x86"..., 1024) = 1024 <0.000110>
read(3, "3646f58000 r--p 00000000 08:40 8"..., 1024) = 1024 <0.000164>
read(3, "            /usr/lib/x86_64-linu"..., 1024) = 1024 <0.000164>
close(3)                                = 0 <0.000139>
sched_getaffinity(17782, 32, [0, 1, 2, 3, 4, 5, 6, 7, 8, 9, 10, 11, 12, 13, 14, 15]) = 32 <0.000095>
getpid()                                = 17782 <0.000153>
write(1, "My pid is 17782\n", 16)       = 16 <0.000373>
sigaltstack({ss_sp=NULL, ss_flags=SS_DISABLE, ss_size=8192}, NULL) = 0 <0.000121>
munmap(0x7f3646f9a000, 12288)           = 0 <0.000157>
exit_group(0)                           = ?
+++ exited with 0 +++
